<?xml version="1.0" encoding="UTF-8"?>
<coverage generated="1569831822052" clover="3.2.0">
  <project timestamp="1569831822052" name="All files">
    <metrics statements="21" coveredstatements="5" conditionals="18" coveredconditionals="0" methods="5" coveredmethods="1" elements="44" coveredelements="6" complexity="0" loc="21" ncloc="21" packages="1" files="1" classes="1"/>
    <file name="server.ts" path="/Users/ahmetcan.guven/Desktop/ACG/streamer/src/server.ts">
      <metrics statements="21" coveredstatements="5" conditionals="18" coveredconditionals="0" methods="5" coveredmethods="1"/>
      <line num="1" count="1" type="stmt"/>
      <line num="2" count="1" type="stmt"/>
      <line num="3" count="1" type="stmt"/>
      <line num="23" count="0" type="stmt"/>
      <line num="24" count="0" type="cond" truecount="0" falsecount="2"/>
      <line num="26" count="0" type="stmt"/>
      <line num="30" count="1" type="cond" truecount="0" falsecount="2"/>
      <line num="31" count="0" type="cond" truecount="0" falsecount="2"/>
      <line num="33" count="0" type="cond" truecount="0" falsecount="2"/>
      <line num="38" count="0" type="cond" truecount="0" falsecount="2"/>
      <line num="39" count="0" type="stmt"/>
      <line num="40" count="0" type="stmt"/>
      <line num="46" count="0" type="cond" truecount="0" falsecount="2"/>
      <line num="47" count="0" type="stmt"/>
      <line num="51" count="0" type="cond" truecount="0" falsecount="2"/>
      <line num="52" count="0" type="stmt"/>
      <line num="57" count="0" type="stmt"/>
      <line num="59" count="0" type="cond" truecount="0" falsecount="2"/>
      <line num="60" count="0" type="stmt"/>
      <line num="62" count="0" type="stmt"/>
      <line num="68" count="1" type="stmt"/>
    </file>
  </project>
</coverage>
