{"/Users/ahmetcan.guven/Desktop/ACG/streamer/src/server.ts": {"path":"/Users/ahmetcan.guven/Desktop/ACG/streamer/src/server.ts","statementMap":{"0":{"start":{"line":1,"column":0},"end":{"line":1,"column":26}},"1":{"start":{"line":2,"column":0},"end":{"line":2,"column":24}},"2":{"start":{"line":3,"column":0},"end":{"line":3,"column":26}},"3":{"start":{"line":23,"column":4},"end":{"line":23,"column":27}},"4":{"start":{"line":24,"column":4},"end":{"line":24,"column":33}},"5":{"start":{"line":26,"column":4},"end":{"line":26,"column":34}},"6":{"start":{"line":30,"column":4},"end":{"line":34,"column":null}},"7":{"start":{"line":31,"column":6},"end":{"line":31,"column":58}},"8":{"start":{"line":33,"column":6},"end":{"line":33,"column":81}},"9":{"start":{"line":38,"column":4},"end":{"line":42,"column":null}},"10":{"start":{"line":39,"column":6},"end":{"line":41,"column":9}},"11":{"start":{"line":40,"column":8},"end":{"line":40,"column":42}},"12":{"start":{"line":46,"column":4},"end":{"line":63,"column":null}},"13":{"start":{"line":47,"column":28},"end":{"line":50,"column":8}},"14":{"start":{"line":51,"column":6},"end":{"line":58,"column":null}},"15":{"start":{"line":52,"column":8},"end":{"line":55,"column":25}},"16":{"start":{"line":57,"column":8},"end":{"line":57,"column":null}},"17":{"start":{"line":59,"column":11},"end":{"line":63,"column":null}},"18":{"start":{"line":60,"column":6},"end":{"line":60,"column":null}},"19":{"start":{"line":62,"column":6},"end":{"line":62,"column":null}},"20":{"start":{"line":68,"column":2},"end":{"line":68,"column":8}}},"fnMap":{"0":{"name":"(anonymous_1)","decl":{"start":{"line":22,"column":2},"end":{"line":22,"column":6}},"loc":{"start":{"line":22,"column":69},"end":{"line":27,"column":3}}},"1":{"name":"(anonymous_2)","decl":{"start":{"line":29,"column":2},"end":{"line":29,"column":8}},"loc":{"start":{"line":29,"column":24},"end":{"line":35,"column":3}}},"2":{"name":"(anonymous_3)","decl":{"start":{"line":37,"column":2},"end":{"line":37,"column":7}},"loc":{"start":{"line":37,"column":48},"end":{"line":43,"column":3}}},"3":{"name":"(anonymous_4)","decl":{"start":{"line":39,"column":26},"end":{"line":39,"column":29}},"loc":{"start":{"line":39,"column":31},"end":{"line":41,"column":7}}},"4":{"name":"(anonymous_5)","decl":{"start":{"line":45,"column":10},"end":{"line":45,"column":16}},"loc":{"start":{"line":45,"column":16},"end":{"line":64,"column":3}}}},"branchMap":{"0":{"loc":{"start":{"line":24,"column":19},"end":{"line":24,"column":26}},"type":"binary-expr","locations":[{"start":{"line":24,"column":19},"end":{"line":24,"column":26}},{"start":{"line":24,"column":30},"end":{"line":24,"column":32}}]},"1":{"loc":{"start":{"line":30,"column":4},"end":{"line":34,"column":null}},"type":"if","locations":[{"start":{"line":30,"column":4},"end":{"line":34,"column":null}},{"start":{"line":30,"column":4},"end":{"line":34,"column":null}}]},"2":{"loc":{"start":{"line":31,"column":27},"end":{"line":31,"column":44}},"type":"binary-expr","locations":[{"start":{"line":31,"column":27},"end":{"line":31,"column":44}},{"start":{"line":31,"column":48},"end":{"line":31,"column":52}}]},"3":{"loc":{"start":{"line":33,"column":27},"end":{"line":33,"column":44}},"type":"binary-expr","locations":[{"start":{"line":33,"column":27},"end":{"line":33,"column":44}},{"start":{"line":33,"column":48},"end":{"line":33,"column":52}}]},"4":{"loc":{"start":{"line":38,"column":4},"end":{"line":42,"column":null}},"type":"if","locations":[{"start":{"line":38,"column":4},"end":{"line":42,"column":null}},{"start":{"line":38,"column":4},"end":{"line":42,"column":null}}]},"5":{"loc":{"start":{"line":46,"column":4},"end":{"line":63,"column":null}},"type":"if","locations":[{"start":{"line":46,"column":4},"end":{"line":63,"column":null}},{"start":{"line":46,"column":4},"end":{"line":63,"column":null}}]},"6":{"loc":{"start":{"line":51,"column":6},"end":{"line":58,"column":null}},"type":"if","locations":[{"start":{"line":51,"column":6},"end":{"line":58,"column":null}},{"start":{"line":51,"column":6},"end":{"line":58,"column":null}}]},"7":{"loc":{"start":{"line":54,"column":75},"end":{"line":54,"column":104}},"type":"cond-expr","locations":[{"start":{"line":54,"column":75},"end":{"line":54,"column":104}},{"start":{"line":54,"column":107},"end":{"line":54,"column":111}}]},"8":{"loc":{"start":{"line":59,"column":11},"end":{"line":63,"column":null}},"type":"if","locations":[{"start":{"line":59,"column":11},"end":{"line":63,"column":null}},{"start":{"line":59,"column":11},"end":{"line":63,"column":null}}]}},"s":{"0":1,"1":1,"2":1,"3":0,"4":0,"5":0,"6":1,"7":0,"8":0,"9":0,"10":0,"11":0,"12":0,"13":0,"14":0,"15":0,"16":0,"17":0,"18":0,"19":0,"20":1},"f":{"0":0,"1":1,"2":0,"3":0,"4":0},"b":{"0":[0,0],"1":[0,0],"2":[0,0],"3":[0,0],"4":[0,0],"5":[0,0],"6":[0,0],"7":[0,0],"8":[0,0]}}
}
